09:47:38,654 INFO  ~ Starting /home/frederic/Projects/play/myplayapp
09:47:38,722 INFO  ~ Module secure is available (/home/frederic/tools/play-1.1.1/modules/secure)
09:47:38,722 INFO  ~ Module excel is available (/home/frederic/tools/play-1.1.1/modules/excel-1.1)
09:47:38,723 INFO  ~ Module maven is available (/home/frederic/tools/play-1.1.1/modules/maven-head)
09:47:38,758 INFO  ~ Module crud is available (/home/frederic/tools/play-1.1.1/modules/crud)
09:47:40,237 WARN  ~ You're running Play! in DEV mode
09:47:40,566 INFO  ~ Listening for HTTP on port 9000 (Waiting a first request to start) ...
09:47:54,701 INFO  ~ Connected to jdbc:hsqldb:file:/home/frederic/Projects/play/myplayapp/db/db
09:47:55,690 INFO  ~ Application 'myplayapp' is now started !
09:48:09,504 ERROR ~ 

@65nhl0c6c
Internal Server Error (500) for request GET /preferences/getavatarpicture?id=1

Oops: NullPointerException
An unexpected error occured caused by exception NullPointerException: null

play.exceptions.UnexpectedException: Unexpected Error
	at play.mvc.results.RenderBinary.apply(RenderBinary.java:162)
	at play.mvc.ActionInvoker.invoke(ActionInvoker.java:307)
	at Invocation.HTTP Request(Play!)
Caused by: java.lang.NullPointerException
	at play.mvc.results.RenderBinary.apply(RenderBinary.java:154)
	... 2 more
09:50:22,039 ERROR ~ 

@65nhl0c6d
images.lightbox-blank.gif action not found

Action not found
Action images.lightbox-blank.gif could not be found. Error raised is Controller controllers.images.lightbox-blank not found

play.exceptions.ActionNotFoundException: Action images.lightbox-blank.gif not found
	at play.mvc.ActionInvoker.getActionMethod(ActionInvoker.java:447)
	at play.mvc.ActionInvoker.invoke(ActionInvoker.java:78)
	at Invocation.HTTP Request(Play!)
Caused by: java.lang.Exception: Controller controllers.images.lightbox-blank not found
	... 3 more
09:50:24,284 ERROR ~ 

@65nhl0c6e
images.lightbox-blank.gif action not found

Action not found
Action images.lightbox-blank.gif could not be found. Error raised is Controller controllers.images.lightbox-blank not found

play.exceptions.ActionNotFoundException: Action images.lightbox-blank.gif not found
	at play.mvc.ActionInvoker.getActionMethod(ActionInvoker.java:447)
	at play.mvc.ActionInvoker.invoke(ActionInvoker.java:78)
	at Invocation.HTTP Request(Play!)
Caused by: java.lang.Exception: Controller controllers.images.lightbox-blank not found
	... 3 more
09:50:24,769 ERROR ~ 

@65nhl0c6f
images.lightbox-blank.gif action not found

Action not found
Action images.lightbox-blank.gif could not be found. Error raised is Controller controllers.images.lightbox-blank not found

play.exceptions.ActionNotFoundException: Action images.lightbox-blank.gif not found
	at play.mvc.ActionInvoker.getActionMethod(ActionInvoker.java:447)
	at play.mvc.ActionInvoker.invoke(ActionInvoker.java:78)
	at Invocation.HTTP Request(Play!)
Caused by: java.lang.Exception: Controller controllers.images.lightbox-blank not found
	... 3 more
09:50:28,242 ERROR ~ 

@65nhl0c6g
Internal Server Error (500) for request GET /preferences/getavatarpicture?id=1

Oops: NullPointerException
An unexpected error occured caused by exception NullPointerException: null

play.exceptions.UnexpectedException: Unexpected Error
	at play.mvc.results.RenderBinary.apply(RenderBinary.java:162)
	at play.mvc.ActionInvoker.invoke(ActionInvoker.java:307)
	at Invocation.HTTP Request(Play!)
Caused by: java.lang.NullPointerException
	at play.mvc.results.RenderBinary.apply(RenderBinary.java:154)
	... 2 more
13:40:51,105 ERROR ~ 

@65nhl0c6h
Internal Server Error (500) for request GET /preferences/getavatarpicture?id=1

Oops: NullPointerException
An unexpected error occured caused by exception NullPointerException: null

play.exceptions.UnexpectedException: Unexpected Error
	at play.mvc.results.RenderBinary.apply(RenderBinary.java:162)
	at play.mvc.ActionInvoker.invoke(ActionInvoker.java:307)
	at Invocation.HTTP Request(Play!)
Caused by: java.lang.NullPointerException
	at play.mvc.results.RenderBinary.apply(RenderBinary.java:154)
	... 2 more
13:41:22,765 ERROR ~ 

@65nhl0c6i
Internal Server Error (500) for request GET /preferences/getavatarpicture?id=1

Oops: NullPointerException
An unexpected error occured caused by exception NullPointerException: null

play.exceptions.UnexpectedException: Unexpected Error
	at play.mvc.results.RenderBinary.apply(RenderBinary.java:162)
	at play.mvc.ActionInvoker.invoke(ActionInvoker.java:307)
	at Invocation.HTTP Request(Play!)
Caused by: java.lang.NullPointerException
	at play.mvc.results.RenderBinary.apply(RenderBinary.java:154)
	... 2 more
13:43:27,122 ERROR ~ 

@65nhl0c6j
Internal Server Error (500) for request GET /preferences/getavatarpicture?id=1

Oops: NullPointerException
An unexpected error occured caused by exception NullPointerException: null

play.exceptions.UnexpectedException: Unexpected Error
	at play.mvc.results.RenderBinary.apply(RenderBinary.java:162)
	at play.mvc.ActionInvoker.invoke(ActionInvoker.java:307)
	at Invocation.HTTP Request(Play!)
Caused by: java.lang.NullPointerException
	at play.mvc.results.RenderBinary.apply(RenderBinary.java:154)
	... 2 more
13:43:30,397 ERROR ~ 

@65nhl0c6k
Internal Server Error (500) for request GET /preferences/getavatarpicture?id=1

Oops: NullPointerException
An unexpected error occured caused by exception NullPointerException: null

play.exceptions.UnexpectedException: Unexpected Error
	at play.mvc.results.RenderBinary.apply(RenderBinary.java:162)
	at play.mvc.ActionInvoker.invoke(ActionInvoker.java:307)
	at Invocation.HTTP Request(Play!)
Caused by: java.lang.NullPointerException
	at play.mvc.results.RenderBinary.apply(RenderBinary.java:154)
	... 2 more
13:43:30,424 ERROR ~ 

@65nhl0c6l
Internal Server Error (500) for request GET /preferences/getavatarpicture?id=2

Oops: NullPointerException
An unexpected error occured caused by exception NullPointerException: null

play.exceptions.UnexpectedException: Unexpected Error
	at play.mvc.results.RenderBinary.apply(RenderBinary.java:162)
	at play.mvc.ActionInvoker.invoke(ActionInvoker.java:307)
	at Invocation.HTTP Request(Play!)
Caused by: java.lang.NullPointerException
	at play.mvc.results.RenderBinary.apply(RenderBinary.java:154)
	... 2 more
13:43:30,469 ERROR ~ 

@65nhl0c6m
Internal Server Error (500) for request GET /preferences/getavatarpicture?id=3

Oops: NullPointerException
An unexpected error occured caused by exception NullPointerException: null

play.exceptions.UnexpectedException: Unexpected Error
	at play.mvc.results.RenderBinary.apply(RenderBinary.java:162)
	at play.mvc.ActionInvoker.invoke(ActionInvoker.java:307)
	at Invocation.HTTP Request(Play!)
Caused by: java.lang.NullPointerException
	at play.mvc.results.RenderBinary.apply(RenderBinary.java:154)
	... 2 more
13:43:39,273 ERROR ~ 

@65nhl0c7b
Internal Server Error (500) for request GET /preferences/getavatarpicture?id=1

Oops: NullPointerException
An unexpected error occured caused by exception NullPointerException: null

play.exceptions.UnexpectedException: Unexpected Error
	at play.mvc.results.RenderBinary.apply(RenderBinary.java:162)
	at play.mvc.ActionInvoker.invoke(ActionInvoker.java:307)
	at Invocation.HTTP Request(Play!)
Caused by: java.lang.NullPointerException
	at play.mvc.results.RenderBinary.apply(RenderBinary.java:154)
	... 2 more
13:43:39,296 ERROR ~ 

@65nhl0c7c
Internal Server Error (500) for request GET /preferences/getavatarpicture?id=2

Oops: NullPointerException
An unexpected error occured caused by exception NullPointerException: null

play.exceptions.UnexpectedException: Unexpected Error
	at play.mvc.results.RenderBinary.apply(RenderBinary.java:162)
	at play.mvc.ActionInvoker.invoke(ActionInvoker.java:307)
	at Invocation.HTTP Request(Play!)
Caused by: java.lang.NullPointerException
	at play.mvc.results.RenderBinary.apply(RenderBinary.java:154)
	... 2 more
13:43:39,324 ERROR ~ 

@65nhl0c7d
Internal Server Error (500) for request GET /preferences/getavatarpicture?id=3

Oops: NullPointerException
An unexpected error occured caused by exception NullPointerException: null

play.exceptions.UnexpectedException: Unexpected Error
	at play.mvc.results.RenderBinary.apply(RenderBinary.java:162)
	at play.mvc.ActionInvoker.invoke(ActionInvoker.java:307)
	at Invocation.HTTP Request(Play!)
Caused by: java.lang.NullPointerException
	at play.mvc.results.RenderBinary.apply(RenderBinary.java:154)
	... 2 more
13:44:07,823 ERROR ~ 

@65nhl0c82
Internal Server Error (500) for request GET /preferences/getavatarpicture?id=2

Oops: NullPointerException
An unexpected error occured caused by exception NullPointerException: null

play.exceptions.UnexpectedException: Unexpected Error
	at play.mvc.results.RenderBinary.apply(RenderBinary.java:162)
	at play.mvc.ActionInvoker.invoke(ActionInvoker.java:307)
	at Invocation.HTTP Request(Play!)
Caused by: java.lang.NullPointerException
	at play.mvc.results.RenderBinary.apply(RenderBinary.java:154)
	... 2 more
13:44:07,852 ERROR ~ 

@65nhl0c83
Internal Server Error (500) for request GET /preferences/getavatarpicture?id=3

Oops: NullPointerException
An unexpected error occured caused by exception NullPointerException: null

play.exceptions.UnexpectedException: Unexpected Error
	at play.mvc.results.RenderBinary.apply(RenderBinary.java:162)
	at play.mvc.ActionInvoker.invoke(ActionInvoker.java:307)
	at Invocation.HTTP Request(Play!)
Caused by: java.lang.NullPointerException
	at play.mvc.results.RenderBinary.apply(RenderBinary.java:154)
	... 2 more
13:44:43,011 ERROR ~ 

@65nhl0c8i
Internal Server Error (500) for request GET /preferences/getavatarpicture?id=3

Oops: NullPointerException
An unexpected error occured caused by exception NullPointerException: null

play.exceptions.UnexpectedException: Unexpected Error
	at play.mvc.results.RenderBinary.apply(RenderBinary.java:162)
	at play.mvc.ActionInvoker.invoke(ActionInvoker.java:307)
	at Invocation.HTTP Request(Play!)
Caused by: java.lang.NullPointerException
	at play.mvc.results.RenderBinary.apply(RenderBinary.java:154)
	... 2 more
13:44:53,802 ERROR ~ 

@65nhl0c97
Internal Server Error (500) for request GET /preferences/getavatarpicture?id=3

Oops: NullPointerException
An unexpected error occured caused by exception NullPointerException: null

play.exceptions.UnexpectedException: Unexpected Error
	at play.mvc.results.RenderBinary.apply(RenderBinary.java:162)
	at play.mvc.ActionInvoker.invoke(ActionInvoker.java:307)
	at Invocation.HTTP Request(Play!)
Caused by: java.lang.NullPointerException
	at play.mvc.results.RenderBinary.apply(RenderBinary.java:154)
	... 2 more
